\BOOKMARK [0][-]{chapter*.1}{Resumen}{}% 1
\BOOKMARK [0][-]{chapter*.2}{Abstract}{}% 2
\BOOKMARK [0][-]{chapter*.2}{Contenido}{}% 3
\BOOKMARK [1][-]{lof.1}{List of Figures}{chapter*.2}% 4
\BOOKMARK [0][-]{chapter*.2}{\315ndice de Figuras}{}% 5
\BOOKMARK [1][-]{lot.1}{List of Tables}{chapter*.2}% 6
\BOOKMARK [0][-]{chapter*.2}{\315ndice de Tablas}{}% 7
\BOOKMARK [1][-]{loc.1}{lstlistingname}{chapter*.2}% 8
\BOOKMARK [0][-]{chapter*.2}{\315ndice de algoritmos}{}% 9
\BOOKMARK [0][-]{chapter.1}{Introducci\363n}{}% 10
\BOOKMARK [1][-]{section.1.1}{Marco te\363rico}{chapter.1}% 11
\BOOKMARK [1][-]{section.1.2}{Estado del Arte}{chapter.1}% 12
\BOOKMARK [1][-]{section.1.3}{Planteamiento del Problema}{chapter.1}% 13
\BOOKMARK [1][-]{section.1.4}{Justificaci\363n}{chapter.1}% 14
\BOOKMARK [1][-]{section.1.5}{Objetivo General}{chapter.1}% 15
\BOOKMARK [1][-]{section.1.6}{Objetivos Particulares}{chapter.1}% 16
\BOOKMARK [1][-]{section.1.7}{Soluci\363n Propuesta}{chapter.1}% 17
\BOOKMARK [1][-]{section.1.8}{Aportaciones}{chapter.1}% 18
\BOOKMARK [0][-]{chapter.2}{Desarrollo}{}% 19
\BOOKMARK [1][-]{section.2.1}{Metodolog\355a}{chapter.2}% 20
\BOOKMARK [1][-]{section.2.2}{Pre-Procesamiento}{chapter.2}% 21
\BOOKMARK [1][-]{section.2.3}{Clasificaci\363n de objetos}{chapter.2}% 22
\BOOKMARK [1][-]{section.2.4}{Descripci\363n General del Sistema}{chapter.2}% 23
\BOOKMARK [1][-]{section.2.5}{\301lgebra Geom\351trica Conforme}{chapter.2}% 24
\BOOKMARK [0][-]{chapter.3}{Pruebas y Caso de estudio}{}% 25
\BOOKMARK [1][-]{section.3.1}{Prueba de Captura de Datos}{chapter.3}% 26
\BOOKMARK [1][-]{section.3.2}{Prueba de Segmentaci\363n}{chapter.3}% 27
\BOOKMARK [1][-]{section.3.3}{Descripci\363n del Caso de Estudio}{chapter.3}% 28
\BOOKMARK [0][-]{chapter.4}{An\341lisis de Resultados}{}% 29
\BOOKMARK [1][-]{section.4.1}{Objeto Esf\351rico}{chapter.4}% 30
\BOOKMARK [1][-]{section.4.2}{Objeto Plano}{chapter.4}% 31
\BOOKMARK [1][-]{section.4.3}{Objeto Cil\355ndrico}{chapter.4}% 32
\BOOKMARK [1][-]{section.4.4}{Rendimiento}{chapter.4}% 33
\BOOKMARK [0][-]{chapter.5}{Consideraciones Finales}{}% 34
\BOOKMARK [1][-]{section.5.1}{Conclusiones}{chapter.5}% 35
\BOOKMARK [1][-]{section.5.2}{Trabajo a futuro}{chapter.5}% 36
\BOOKMARK [0][-]{section.5.2}{Referencias}{}% 37
\BOOKMARK [0][-]{section*.40}{Ap\351ndices}{}% 38
\BOOKMARK [1][-]{section.Alph0.1}{Pruebas}{section*.40}% 39
\BOOKMARK [1][-]{section.Alph0.2}{C\363digos}{section*.40}% 40
